Wed, Apr 16, 2025  8:41:24 AM: 
Compilation failed
test.c:8:8: error: '_strdup' redeclared without dllimport attribute: previous dllimport ignored [-Werror=attributes]
    8 | char * _strdup(const char * str) {
      |        ^~~~~~~
test.c: In function 'enlarge_test':
test.c:442:9: error: 'sprintf' argument 3 overlaps destination object 'msg' [-Werror=restrict]
  442 |         sprintf(msg,"%.100s\nbut should be: \nvalue3  (null)  (null)  (null)  value4  (null)  value2  value1  value0  (null)  (null)  (null)  value5  (null)  (null)  (null)  (null)  (null)  (null)  (null)",msg);
      |         ^~~~~~~~~~~~~~~~~~~~~~~~~~~~~~~~~~~~~~~~~~~~~~~~~~~~~~~~~~~~~~~~~~~~~~~~~~~~~~~~~~~~~~~~~~~~~~~~~~~~~~~~~~~~~~~~~~~~~~~~~~~~~~~~~~~~~~~~~~~~~~~~~~~~~~~~~~~~~~~~~~~~~~~~~~~~~~~~~~~~~~~~~~~~~~~~~~~~~~~~~~
test.c:14:6: note: destination object referenced by 'restrict'-qualified argument 1 was declared here
   14 | char msg[300];
      |      ^~~
test.c:439:18: error: 'sprintf' argument 3 overlaps destination object 'msg' [-Werror=restrict]
  439 |             else sprintf(msg,"%.100s%s  ", msg, (char*)map->buckets[i]->value);
      |                  ^~~~~~~~~~~~~~~~~~~~~~~~~~~~~~~~~~~~~~~~~~~~~~~~~~~~~~~~~~~~~
test.c:14:6: note: destination object referenced by 'restrict'-qualified argument 1 was declared here
   14 | char msg[300];
      |      ^~~
test.c:438:39: error: 'sprintf' argument 3 overlaps destination object 'msg' [-Werror=restrict]
  438 |             if(map->buckets[i]==NULL) sprintf(msg,"%.100s(null)  ",msg);
      |                                       ^~~~~~~~~~~~~~~~~~~~~~~~~~~~~~~~~
test.c:14:6: note: destination object referenced by 'restrict'-qualified argument 1 was declared here
   14 | char msg[300];
      |      ^~~
cc1.exe: all warnings being treated as errors
eeef3b7
Wed, Apr 16, 2025  8:41:30 AM: 
Compilation failed
test.c:8:8: error: '_strdup' redeclared without dllimport attribute: previous dllimport ignored [-Werror=attributes]
    8 | char * _strdup(const char * str) {
      |        ^~~~~~~
test.c: In function 'enlarge_test':
test.c:442:9: error: 'sprintf' argument 3 overlaps destination object 'msg' [-Werror=restrict]
  442 |         sprintf(msg,"%.100s\nbut should be: \nvalue3  (null)  (null)  (null)  value4  (null)  value2  value1  value0  (null)  (null)  (null)  value5  (null)  (null)  (null)  (null)  (null)  (null)  (null)",msg);
      |         ^~~~~~~~~~~~~~~~~~~~~~~~~~~~~~~~~~~~~~~~~~~~~~~~~~~~~~~~~~~~~~~~~~~~~~~~~~~~~~~~~~~~~~~~~~~~~~~~~~~~~~~~~~~~~~~~~~~~~~~~~~~~~~~~~~~~~~~~~~~~~~~~~~~~~~~~~~~~~~~~~~~~~~~~~~~~~~~~~~~~~~~~~~~~~~~~~~~~~~~~~~
test.c:14:6: note: destination object referenced by 'restrict'-qualified argument 1 was declared here
   14 | char msg[300];
      |      ^~~
test.c:439:18: error: 'sprintf' argument 3 overlaps destination object 'msg' [-Werror=restrict]
  439 |             else sprintf(msg,"%.100s%s  ", msg, (char*)map->buckets[i]->value);
      |                  ^~~~~~~~~~~~~~~~~~~~~~~~~~~~~~~~~~~~~~~~~~~~~~~~~~~~~~~~~~~~~
test.c:14:6: note: destination object referenced by 'restrict'-qualified argument 1 was declared here
   14 | char msg[300];
      |      ^~~
test.c:438:39: error: 'sprintf' argument 3 overlaps destination object 'msg' [-Werror=restrict]
  438 |             if(map->buckets[i]==NULL) sprintf(msg,"%.100s(null)  ",msg);
      |                                       ^~~~~~~~~~~~~~~~~~~~~~~~~~~~~~~~~
test.c:14:6: note: destination object referenced by 'restrict'-qualified argument 1 was declared here
   14 | char msg[300];
      |      ^~~
cc1.exe: all warnings being treated as errors
d8e6be6
Wed, Apr 16, 2025  8:54:11 AM: 
 hashmap.c | 8 +++++++-
 1 file changed, 7 insertions(+), 1 deletion(-)
Compilation failed
test.c:8:8: error: '_strdup' redeclared without dllimport attribute: previous dllimport ignored [-Werror=attributes]
    8 | char * _strdup(const char * str) {
      |        ^~~~~~~
test.c: In function 'enlarge_test':
test.c:442:9: error: 'sprintf' argument 3 overlaps destination object 'msg' [-Werror=restrict]
  442 |         sprintf(msg,"%.100s\nbut should be: \nvalue3  (null)  (null)  (null)  value4  (null)  value2  value1  value0  (null)  (null)  (null)  value5  (null)  (null)  (null)  (null)  (null)  (null)  (null)",msg);
      |         ^~~~~~~~~~~~~~~~~~~~~~~~~~~~~~~~~~~~~~~~~~~~~~~~~~~~~~~~~~~~~~~~~~~~~~~~~~~~~~~~~~~~~~~~~~~~~~~~~~~~~~~~~~~~~~~~~~~~~~~~~~~~~~~~~~~~~~~~~~~~~~~~~~~~~~~~~~~~~~~~~~~~~~~~~~~~~~~~~~~~~~~~~~~~~~~~~~~~~~~~~~
test.c:14:6: note: destination object referenced by 'restrict'-qualified argument 1 was declared here
   14 | char msg[300];
      |      ^~~
test.c:439:18: error: 'sprintf' argument 3 overlaps destination object 'msg' [-Werror=restrict]
  439 |             else sprintf(msg,"%.100s%s  ", msg, (char*)map->buckets[i]->value);
      |                  ^~~~~~~~~~~~~~~~~~~~~~~~~~~~~~~~~~~~~~~~~~~~~~~~~~~~~~~~~~~~~
test.c:14:6: note: destination object referenced by 'restrict'-qualified argument 1 was declared here
   14 | char msg[300];
      |      ^~~
test.c:438:39: error: 'sprintf' argument 3 overlaps destination object 'msg' [-Werror=restrict]
  438 |             if(map->buckets[i]==NULL) sprintf(msg,"%.100s(null)  ",msg);
      |                                       ^~~~~~~~~~~~~~~~~~~~~~~~~~~~~~~~~
test.c:14:6: note: destination object referenced by 'restrict'-qualified argument 1 was declared here
   14 | char msg[300];
      |      ^~~
cc1.exe: all warnings being treated as errors
6b90a2f
Wed, Apr 16, 2025  8:54:47 AM: 
Compilation failed
test.c:8:8: error: '_strdup' redeclared without dllimport attribute: previous dllimport ignored [-Werror=attributes]
    8 | char * _strdup(const char * str) {
      |        ^~~~~~~
test.c: In function 'enlarge_test':
test.c:442:9: error: 'sprintf' argument 3 overlaps destination object 'msg' [-Werror=restrict]
  442 |         sprintf(msg,"%.100s\nbut should be: \nvalue3  (null)  (null)  (null)  value4  (null)  value2  value1  value0  (null)  (null)  (null)  value5  (null)  (null)  (null)  (null)  (null)  (null)  (null)",msg);
      |         ^~~~~~~~~~~~~~~~~~~~~~~~~~~~~~~~~~~~~~~~~~~~~~~~~~~~~~~~~~~~~~~~~~~~~~~~~~~~~~~~~~~~~~~~~~~~~~~~~~~~~~~~~~~~~~~~~~~~~~~~~~~~~~~~~~~~~~~~~~~~~~~~~~~~~~~~~~~~~~~~~~~~~~~~~~~~~~~~~~~~~~~~~~~~~~~~~~~~~~~~~~
test.c:14:6: note: destination object referenced by 'restrict'-qualified argument 1 was declared here
   14 | char msg[300];
      |      ^~~
test.c:439:18: error: 'sprintf' argument 3 overlaps destination object 'msg' [-Werror=restrict]
  439 |             else sprintf(msg,"%.100s%s  ", msg, (char*)map->buckets[i]->value);
      |                  ^~~~~~~~~~~~~~~~~~~~~~~~~~~~~~~~~~~~~~~~~~~~~~~~~~~~~~~~~~~~~
test.c:14:6: note: destination object referenced by 'restrict'-qualified argument 1 was declared here
   14 | char msg[300];
      |      ^~~
test.c:438:39: error: 'sprintf' argument 3 overlaps destination object 'msg' [-Werror=restrict]
  438 |             if(map->buckets[i]==NULL) sprintf(msg,"%.100s(null)  ",msg);
      |                                       ^~~~~~~~~~~~~~~~~~~~~~~~~~~~~~~~~
test.c:14:6: note: destination object referenced by 'restrict'-qualified argument 1 was declared here
   14 | char msg[300];
      |      ^~~
cc1.exe: all warnings being treated as errors
12da0e3
Wed, Apr 16, 2025  8:55:24 AM: 
 tests:  1|5
total_score: 10/70
9f174c5
Wed, Apr 16, 2025  9:26:14 AM: 
 hashmap.c | 9 ++++++++-
 1 file changed, 8 insertions(+), 1 deletion(-)
 tests:  1|5
total_score: 10/70
a8d6e10
Wed, Apr 16, 2025 11:54:41 AM: 
 hashmap.c | 7 +++++++
 1 file changed, 7 insertions(+)
Compilation failed
In file included from test.c:4:
hashmap.c: In function 'insertMap':
hashmap.c:44:60: warning: comparison between pointer and integer
   44 |     if(map->buckets[pos] == NULL || map->buckets[pos]->key == -1){
      |                                                            ^~
hashmap.c: In function 'enlarge':
hashmap.c:56:5: error: unknown type name 'hashElem'
   56 |     hashElem **viejo = map->hashArray;
      |     ^~~~~~~~
hashmap.c:56:27: error: 'HashMap' {aka 'struct HashMap'} has no member named 'hashArray'
   56 |     hashElem **viejo = map->hashArray;
      |                           ^~
hashmap.c:58:8: error: 'HashMap' {aka 'struct HashMap'} has no member named 'hashArray'
   58 |     map->hashArray = (hashElem **) malloc(map->capacity, sizeof(hasElem *));
      |        ^~
hashmap.c:58:23: error: 'hashElem' undeclared (first use in this function)
   58 |     map->hashArray = (hashElem **) malloc(map->capacity, sizeof(hasElem *));
      |                       ^~~~~~~~
hashmap.c:58:23: note: each undeclared identifier is reported only once for each function it appears in
hashmap.c:58:34: error: expected expression before ')' token
   58 |     map->hashArray = (hashElem **) malloc(map->capacity, sizeof(hasElem *));
      |                                  ^
hashmap.c:62:40: error: request for member 'key' in something not a structure or union
   62 |         if(viejo[i] != NULL && viejo[i]->key != NULL) insertMap(map, viejo[i]->key, viejo[i]->data);
      |                                        ^~
hashmap.c:62:78: error: request for member 'key' in something not a structure or union
   62 |         if(viejo[i] != NULL && viejo[i]->key != NULL) insertMap(map, viejo[i]->key, viejo[i]->data);
      |                                                                              ^~
hashmap.c:62:93: error: request for member 'data' in something not a structure or union
   62 |         if(viejo[i] != NULL && viejo[i]->key != NULL) insertMap(map, viejo[i]->key, viejo[i]->data);
      |                                                                                             ^~
test.c: At top level:
test.c:8:8: warning: '_strdup' redeclared without dllimport attribute: previous dllimport ignored [-Wattributes]
    8 | char * _strdup(const char * str) {
      |        ^~~~~~~
631c7b3
